This is pdfTeX, Version 3.141592653-2.6-1.40.27 (MiKTeX 25.4) (preloaded format=pdflatex 2025.11.7)  7 NOV 2025 14:31
entering extended mode
 restricted \write18 enabled.
 file:line:error style messages enabled.
 %&-line parsing enabled.
**c:/Users/mp71448/RP/racunalniski-praktikum/06-uvod-v-latex/urnik.tex
(c:/Users/mp71448/RP/racunalniski-praktikum/06-uvod-v-latex/urnik.tex
LaTeX2e <2025-06-01> patch level 1
L3 programming layer <2025-07-20>
(C:\Program Files\MiKTeX\tex/latex/base\article.cls
Document Class: article 2025/01/22 v1.4n Standard LaTeX document class
(C:\Program Files\MiKTeX\tex/latex/base\size10.clo
File: size10.clo 2025/01/22 v1.4n Standard LaTeX file (size option)
)
\c@part=\count275
\c@section=\count276
\c@subsection=\count277
\c@subsubsection=\count278
\c@paragraph=\count279
\c@subparagraph=\count280
\c@figure=\count281
\c@table=\count282
\abovecaptionskip=\skip49
\belowcaptionskip=\skip50
\bibindent=\dimen148
) (C:\Program Files\MiKTeX\tex/latex/l3backend\l3backend-pdftex.def
File: l3backend-pdftex.def 2025-06-09 L3 backend support: PDF output (pdfTeX)
\l__color_backend_stack_int=\count283
) (urnik.aux)
\openout1 = `urnik.aux'.

LaTeX Font Info:    Checking defaults for OML/cmm/m/it on input line 8.
LaTeX Font Info:    ... okay on input line 8.
LaTeX Font Info:    Checking defaults for OMS/cmsy/m/n on input line 8.
LaTeX Font Info:    ... okay on input line 8.
LaTeX Font Info:    Checking defaults for OT1/cmr/m/n on input line 8.
LaTeX Font Info:    ... okay on input line 8.
LaTeX Font Info:    Checking defaults for T1/cmr/m/n on input line 8.
LaTeX Font Info:    ... okay on input line 8.
LaTeX Font Info:    Checking defaults for TS1/cmr/m/n on input line 8.
LaTeX Font Info:    ... okay on input line 8.
LaTeX Font Info:    Checking defaults for OMX/cmex/m/n on input line 8.
LaTeX Font Info:    ... okay on input line 8.
LaTeX Font Info:    Checking defaults for U/cmr/m/n on input line 8.
LaTeX Font Info:    ... okay on input line 8.
LaTeX Font Info:    External font `cmex10' loaded for size
(Font)              <12> on input line 18.
LaTeX Font Info:    External font `cmex10' loaded for size
(Font)              <8> on input line 18.
LaTeX Font Info:    External font `cmex10' loaded for size
(Font)              <6> on input line 18.


[1

{C:/Users/mp71448/AppData/Local/MiKTeX/fonts/map/pdftex/pdftex.map}]
Overfull \hbox (5.55629pt too wide) in paragraph at lines 92--95
[]\OT1/cmr/m/n/10 Pri ob-jek-tno ori-en-ti-ranih pro-gram-skih jezikih (Del-phi, C++, Java) vse vhodne
 []


Overfull \hbox (8.8804pt too wide) in paragraph at lines 113--116
\OT1/cmr/m/n/10 njej. Podobno kot pri pro-fe-sor-jih, tudi tukaj potre-bu-jemo tabelo zasedenosti. 
 []



[2]
Overfull \hbox (2.04698pt too wide) in paragraph at lines 148--152
\OT1/cmr/m/n/10 Programa za izdelavo (nekakovost-nega) urnika na^^Tceloma ni te^^Tzko nared-iti. Potre-
 []



[3]
Overfull \hbox (0.55626pt too wide) in paragraph at lines 205--209
\OT1/cmr/m/n/10 verja ve-liko ^^Tstevilo ^^Tsibkih ome-jitev, zato sno-valci pro-gramov prav temu posve^^Tcajo
 []



[4]

[5]

[6]

[7]

[8]

[9]

[10] (urnik.aux)
 ***********
LaTeX2e <2025-06-01> patch level 1
L3 programming layer <2025-07-20>
 ***********
 ) 
Here is how much of TeX's memory you used:
 480 strings out of 468134
 8956 string characters out of 5440801
 438301 words of memory out of 5000000
 29160 multiletter control sequences out of 15000+600000
 632536 words of font info for 59 fonts, out of 8000000 for 9000
 1141 hyphenation exceptions out of 8191
 35i,7n,38p,210b,206s stack positions out of 10000i,1000n,20000p,200000b,200000s
 <C:\Users\mp71448\AppData\Local\MiKTeX\fonts/pk/ljfour/jknappen/ec/dpi600\tcrm1000.pk><C:/Program Files/MiKTeX/fonts/type1/public/amsfonts/cm/cmbx10.pfb><C:/Program Files/MiKTeX/fonts/type1/public/amsfonts/cm/cmbx12.pfb><C:/Program Files/MiKTeX/fonts/type1/public/amsfonts/cm/cmbx9.pfb><C:/Program Files/MiKTeX/fonts/type1/public/amsfonts/cm/cmr10.pfb><C:/Program Files/MiKTeX/fonts/type1/public/amsfonts/cm/cmr12.pfb><C:/Program Files/MiKTeX/fonts/type1/public/amsfonts/cm/cmr17.pfb><C:/Program Files/MiKTeX/fonts/type1/public/amsfonts/cm/cmr9.pfb><C:/Program Files/MiKTeX/fonts/type1/public/amsfonts/cm/cmti10.pfb><C:/Program Files/MiKTeX/fonts/type1/public/amsfonts/cm/cmtt10.pfb>
Output written on urnik.pdf (10 pages, 160186 bytes).
PDF statistics:
 85 PDF objects out of 1000 (max. 8388607)
 0 named destinations out of 1000 (max. 500000)
 1 words of extra memory for PDF output out of 10000 (max. 10000000)

